<?xml version="1.0" encoding="UTF-8"?>
<!-- Generated by org.testng.reporters.JUnitReportReporter -->
<testsuite skipped="0" hostname="DESKTOP-1J8QQ19" name="com.qa.tests.GetAPITest" tests="2" failures="0" timestamp="27 Dec 2018 18:38:13 GMT" time="3.519" errors="0">
  <testcase name="getTest" time="2.743" classname="com.qa.tests.GetAPITest"/>
  <testcase name="getTestwithHeader" time="0.776" classname="com.qa.tests.GetAPITest"/>
</testsuite> <!-- com.qa.tests.GetAPITest -->
