<?xml version="1.0" encoding="UTF-8"?>
<!-- Generated by org.testng.reporters.JUnitReportReporter -->
<testsuite skipped="0" hostname="DESKTOP-1J8QQ19" name="com.qa.tests.GetAPITest" tests="2" failures="0" timestamp="25 Dec 2018 19:14:42 GMT" time="3.671" errors="0">
  <testcase name="getTest" time="2.235" classname="com.qa.tests.GetAPITest"/>
  <testcase name="getTestwithHeader" time="1.436" classname="com.qa.tests.GetAPITest"/>
</testsuite> <!-- com.qa.tests.GetAPITest -->
